0 info it worked if it ends with ok
1 verbose cli [ '/Users/rosesmac/.nvm/versions/node/v6.9.0/bin/node',
1 verbose cli   '/Users/rosesmac/.nvm/versions/node/v6.9.0/bin/npm',
1 verbose cli   'run',
1 verbose cli   'json:server:remote' ]
2 info using npm@3.10.8
3 info using node@v6.9.0
4 verbose run-script [ 'prejson:server:remote',
4 verbose run-script   'json:server:remote',
4 verbose run-script   'postjson:server:remote' ]
5 info lifecycle jsonserver@1.0.0~prejson:server:remote: jsonserver@1.0.0
6 silly lifecycle jsonserver@1.0.0~prejson:server:remote: no script for prejson:server:remote, continuing
7 info lifecycle jsonserver@1.0.0~json:server:remote: jsonserver@1.0.0
8 verbose lifecycle jsonserver@1.0.0~json:server:remote: unsafe-perm in lifecycle true
9 verbose lifecycle jsonserver@1.0.0~json:server:remote: PATH: /Users/rosesmac/.nvm/versions/node/v6.9.0/lib/node_modules/npm/bin/node-gyp-bin:/Users/rosesmac/Documents/learn/technical/angularjs/workspace/JSONSERVER/node_modules/.bin:/Users/rosesmac/.nvm/versions/node/v6.9.0/bin:/usr/local/bin:/usr/bin:/bin:/usr/sbin:/sbin
10 verbose lifecycle jsonserver@1.0.0~json:server:remote: CWD: /Users/rosesmac/Documents/learn/technical/angularjs/workspace/JSONSERVER
11 silly lifecycle jsonserver@1.0.0~json:server:remote: Args: [ '-c', 'json-server http://jsonplaceholder.typicode.com/db' ]
12 silly lifecycle jsonserver@1.0.0~json:server:remote: Returned: code: 1  signal: null
13 info lifecycle jsonserver@1.0.0~json:server:remote: Failed to exec json:server:remote script
14 verbose stack Error: jsonserver@1.0.0 json:server:remote: `json-server http://jsonplaceholder.typicode.com/db`
14 verbose stack Exit status 1
14 verbose stack     at EventEmitter.<anonymous> (/Users/rosesmac/.nvm/versions/node/v6.9.0/lib/node_modules/npm/lib/utils/lifecycle.js:255:16)
14 verbose stack     at emitTwo (events.js:106:13)
14 verbose stack     at EventEmitter.emit (events.js:191:7)
14 verbose stack     at ChildProcess.<anonymous> (/Users/rosesmac/.nvm/versions/node/v6.9.0/lib/node_modules/npm/lib/utils/spawn.js:40:14)
14 verbose stack     at emitTwo (events.js:106:13)
14 verbose stack     at ChildProcess.emit (events.js:191:7)
14 verbose stack     at maybeClose (internal/child_process.js:877:16)
14 verbose stack     at Process.ChildProcess._handle.onexit (internal/child_process.js:226:5)
15 verbose pkgid jsonserver@1.0.0
16 verbose cwd /Users/rosesmac/Documents/learn/technical/angularjs/workspace/JSONSERVER
17 error Darwin 17.4.0
18 error argv "/Users/rosesmac/.nvm/versions/node/v6.9.0/bin/node" "/Users/rosesmac/.nvm/versions/node/v6.9.0/bin/npm" "run" "json:server:remote"
19 error node v6.9.0
20 error npm  v3.10.8
21 error code ELIFECYCLE
22 error jsonserver@1.0.0 json:server:remote: `json-server http://jsonplaceholder.typicode.com/db`
22 error Exit status 1
23 error Failed at the jsonserver@1.0.0 json:server:remote script 'json-server http://jsonplaceholder.typicode.com/db'.
23 error Make sure you have the latest version of node.js and npm installed.
23 error If you do, this is most likely a problem with the jsonserver package,
23 error not with npm itself.
23 error Tell the author that this fails on your system:
23 error     json-server http://jsonplaceholder.typicode.com/db
23 error You can get information on how to open an issue for this project with:
23 error     npm bugs jsonserver
23 error Or if that isn't available, you can get their info via:
23 error     npm owner ls jsonserver
23 error There is likely additional logging output above.
24 verbose exit [ 1, true ]
